<?xml version="1.0" encoding="UTF-8"?>
<!-- Generated by org.testng.reporters.JUnitReportReporter -->
<testsuite hostname="Abdelouaheds-MacBook-Pro.local" failures="0" tests="5" name="negativeTests" time="3.455" errors="0" timestamp="2023-10-12T14:28:54 GMT-05:00" skipped="0">
  <testcase classname="negativeTests" name="emptyFirstNameField" time="1.859"/>
  <system-out/>
  <testcase classname="negativeTests" name="emptyLastNameField" time="0.614"/>
  <system-out/>
  <testcase classname="negativeTests" name="emptyZipcodeField" time="0.573"/>
  <system-out/>
  <testcase classname="negativeTests" name="emptyPasswordLogin" time="0.192"/>
  <system-out/>
  <testcase classname="negativeTests" name="lockedoutUserLogin" time="0.217"/>
  <system-out/>
</testsuite> <!-- negativeTests -->
