<?xml version="1.0" encoding="UTF-8"?>
<!-- Generated by org.testng.reporters.JUnitReportReporter -->
<testsuite hostname="Abdelouaheds-MacBook-Pro.local" failures="0" tests="3" name="positiveTests" time="3.611" errors="0" timestamp="2023-10-12T14:28:54 GMT-05:00" skipped="0">
  <testcase classname="positiveTests" name="completeCheckout" time="1.958"/>
  <system-out/>
  <testcase classname="positiveTests" name="addingItemsToCart" time="0.763"/>
  <system-out/>
  <testcase classname="positiveTests" name="cartSaving" time="0.890"/>
  <system-out/>
</testsuite> <!-- positiveTests -->
